<?xml version="1.0" encoding="UTF-8"?>
<!-- Generated by org.testng.reporters.JUnitReportReporter -->
<testsuite hostname="DESKTOP-51DCIUV" failures="0" tests="2" name="day32.ParallelTestingExercise" time="17.554" errors="0" timestamp="2024-03-28T10:30:34 EDT" skipped="0">
  <testcase classname="day32.ParallelTestingExercise" name="AlertConfirmation" time="9.559">
    <system-out>
      <![CDATA[Application Successfully Launched]]>
    </system-out>
  </testcase> <!-- AlertConfirmation -->
  <testcase classname="day32.ParallelTestingExercise" name="Alert" time="7.995">
    <system-out>
      <![CDATA[Application Successfully Launched]]>
    </system-out>
  </testcase> <!-- Alert -->
  <system-out>
    <![CDATA[Application Successfully Launched
Application Successfully Launched]]>
  </system-out>
</testsuite> <!-- day32.ParallelTestingExercise -->
