<?xml version="1.0" encoding="UTF-8"?>
<!-- Generated by org.testng.reporters.JUnitReportReporter -->
<testsuite hostname="DESKTOP-51DCIUV" failures="0" tests="1" name="apiTest.DeleteTest" time="2.778" errors="0" timestamp="2024-04-18T20:05:16 EDT" skipped="0">
  <testcase classname="apiTest.DeleteTest" name="DeleteRequestTest" time="2.778"/>
</testsuite> <!-- apiTest.DeleteTest -->
