<?xml version="1.0" encoding="UTF-8"?>
<!-- Generated by org.testng.reporters.JUnitReportReporter -->
<testsuite hostname="DESKTOP-51DCIUV" failures="0" tests="1" name="apiTest.postRequestTest" time="3.001" errors="0" timestamp="2024-04-18T19:42:11 EDT" skipped="0">
  <testcase classname="apiTest.postRequestTest" name="creatIncident" time="3.001"/>
</testsuite> <!-- apiTest.postRequestTest -->
