<?xml version="1.0" encoding="UTF-8"?>
<!-- Generated by org.testng.reporters.JUnitReportReporter -->
<testsuite hostname="DESKTOP-51DCIUV" failures="0" tests="2" name="apiTest.GetRequestTest" time="4.637" errors="0" timestamp="2024-04-18T15:21:53 EDT" skipped="0">
  <testcase classname="apiTest.GetRequestTest" name="getAllIncident" time="3.182"/>
  <testcase classname="apiTest.GetRequestTest" name="getIncident" time="1.455"/>
</testsuite> <!-- apiTest.GetRequestTest -->
