<?xml version="1.0" encoding="UTF-8"?>
<!-- Generated by org.testng.reporters.JUnitReportReporter -->
<testsuite hostname="DESKTOP-51DCIUV" failures="0" tests="1" name="apiTest.PatchRequestTest" time="2.208" errors="0" timestamp="2024-04-19T14:32:29 EDT" skipped="0">
  <testcase classname="apiTest.PatchRequestTest" name="UpdatingThroughPatchrequest" time="2.208"/>
</testsuite> <!-- apiTest.PatchRequestTest -->
