<?xml version="1.0" encoding="UTF-8"?>
<!-- Generated by org.testng.reporters.JUnitReportReporter -->
<testsuite hostname="DESKTOP-51DCIUV" failures="0" tests="1" name="apiTest.GetRequestTest" time="2.986" errors="0" timestamp="2024-04-18T19:46:30 EDT" skipped="0">
  <testcase classname="apiTest.GetRequestTest" name="getIncident_sys_id" time="2.986"/>
</testsuite> <!-- apiTest.GetRequestTest -->
