<?xml version="1.0" encoding="UTF-8"?>
<!-- Generated by org.testng.reporters.JUnitReportReporter -->
<testsuite hostname="DESKTOP-51DCIUV" failures="0" tests="1" name="apiTest.PutRequestTest" time="2.602" errors="0" timestamp="2024-04-19T14:18:20 EDT" skipped="0">
  <testcase classname="apiTest.PutRequestTest" name="UpdateShortDescription" time="2.602"/>
</testsuite> <!-- apiTest.PutRequestTest -->
