<?xml version="1.0" encoding="UTF-8"?>
<!-- Generated by org.testng.reporters.JUnitReportReporter -->
<testsuite hostname="DESKTOP-51DCIUV" failures="0" tests="2" name="apiTest.NewTest" time="5.514" errors="0" timestamp="2024-04-18T15:18:30 EDT" skipped="0">
  <testcase classname="apiTest.NewTest" name="getAllIncident" time="4.065"/>
  <testcase classname="apiTest.NewTest" name="getIncident" time="1.449"/>
</testsuite> <!-- apiTest.NewTest -->
