<?xml version="1.0" encoding="UTF-8"?>
<!-- Generated by org.testng.reporters.JUnitReportReporter -->
<testsuite hostname="DESKTOP-51DCIUV" failures="0" tests="2" name="day32.ParallerTesting" time="13.032" errors="0" timestamp="2024-03-27T14:22:19 EDT" skipped="0">
  <testcase classname="day32.ParallerTesting" name="Alert" time="7.025"/>
  <testcase classname="day32.ParallerTesting" name="AlertConfirmation" time="6.007"/>
  <system-out>
    <![CDATA[Application Successfully Launched
Application Successfully Launched]]>
  </system-out>
</testsuite> <!-- day32.ParallerTesting -->
