<?xml version="1.0" encoding="UTF-8"?>
<!-- Generated by org.testng.reporters.JUnitReportReporter -->
<testsuite hostname="DESKTOP-51DCIUV" failures="0" tests="2" name="day28.CreatLeadusingTestNg" time="44.903" errors="0" timestamp="2024-03-31T21:59:52 EDT" skipped="0">
  <testcase classname="day28.CreatLeadusingTestNg" name="f" time="0.012"/>
  <testcase classname="day28.CreatLeadusingTestNg" name="initialSet" time="44.891"/>
</testsuite> <!-- day28.CreatLeadusingTestNg -->
