<?xml version="1.0" encoding="UTF-8"?>
<!-- Generated by org.testng.reporters.JUnitReportReporter -->
<testsuite hostname="DESKTOP-51DCIUV" failures="0" tests="4" name="day31.TestNgDataProvider" time="0.011" errors="0" timestamp="2024-03-31T22:20:56 EDT" skipped="0">
  <testcase classname="day31.TestNgDataProvider" name="f" time="0.001"/>
  <testcase classname="day31.TestNgDataProvider" name="f" time="0.008"/>
  <testcase classname="day31.TestNgDataProvider" name="f" time="0.001"/>
  <testcase classname="day31.TestNgDataProvider" name="f" time="0.001"/>
</testsuite> <!-- day31.TestNgDataProvider -->
